  main.cpp
C:\Users\Admin\Desktop\ComputerGraphics\libs\Camera.h(18): warning C4091: static : пропускается слева от "CameraFly::Movement", когда ни одна переменная не объявлена
C:\Users\Admin\Desktop\ComputerGraphics\libs\Scene.h(150,1): warning C4267: аргумент: преобразование из "size_t" в "GLuint"; возможна потеря данных
C:\Users\Admin\Desktop\ComputerGraphics\libs\Scene.h(158,1): warning C4267: аргумент: преобразование из "size_t" в "int"; возможна потеря данных
C:\Users\Admin\Desktop\ComputerGraphics\libs\Window.h(33,2): warning C4091: static : пропускается слева от "WindowContext", когда ни одна переменная не объявлена
C:\Users\Admin\Desktop\ComputerGraphics\main.cpp(177,47): warning C4305: аргумент: усечение из "double" в "GLfloat"
C:\Users\Admin\Desktop\ComputerGraphics\main.cpp(189,47): warning C4305: аргумент: усечение из "double" в "GLfloat"
C:\Users\Admin\Desktop\ComputerGraphics\main.cpp(246,20): warning C4305: аргумент: усечение из "double" в "GLfloat"
C:\Program Files (x86)\Microsoft Visual Studio\2019\Community\VC\Tools\MSVC\14.28.29333\include\xmemory(701,103): warning C4244: аргумент: преобразование "_Ty" в "GLfloat", возможна потеря данных
          with
          [
              _Ty=int
          ]
C:\Program Files (x86)\Microsoft Visual Studio\2019\Community\VC\Tools\MSVC\14.28.29333\include\vector(682): message : выполняется компиляция ссылки на экземпляр шаблон функции "void std::_Default_allocator_traits<_Alloc>::construct<_Ty,glm::vec<3,float,glm::packed_highp>,glm::vec<3,float,glm::packed_highp>,int>(_Alloc &,_Objty *const ,glm::vec<3,float,glm::packed_highp> &&,glm::vec<3,float,glm::packed_highp> &&,int &&)"
          with
          [
              _Alloc=std::allocator<Transform>,
              _Ty=Transform,
              _Objty=Transform
          ]
C:\Program Files (x86)\Microsoft Visual Studio\2019\Community\VC\Tools\MSVC\14.28.29333\include\vector(687): message : выполняется компиляция ссылки на экземпляр шаблон функции "void std::_Default_allocator_traits<_Alloc>::construct<_Ty,glm::vec<3,float,glm::packed_highp>,glm::vec<3,float,glm::packed_highp>,int>(_Alloc &,_Objty *const ,glm::vec<3,float,glm::packed_highp> &&,glm::vec<3,float,glm::packed_highp> &&,int &&)"
          with
          [
              _Alloc=std::allocator<Transform>,
              _Ty=Transform,
              _Objty=Transform
          ]
C:\Program Files (x86)\Microsoft Visual Studio\2019\Community\VC\Tools\MSVC\14.28.29333\include\vector(700): message : выполняется компиляция ссылки на экземпляр шаблон функции "_Ty &std::vector<_Ty,std::allocator<_Ty>>::_Emplace_back_with_unused_capacity<glm::vec<3,float,glm::packed_highp>,glm::vec<3,float,glm::packed_highp>,int>(glm::vec<3,float,glm::packed_highp> &&,glm::vec<3,float,glm::packed_highp> &&,int &&)"
          with
          [
              _Ty=Transform
          ]
C:\Users\Admin\Desktop\ComputerGraphics\main.cpp(261): message : выполняется компиляция ссылки на экземпляр шаблон функции "_Ty &std::vector<_Ty,std::allocator<_Ty>>::emplace_back<glm::vec3,glm::vec3,int>(glm::vec3 &&,glm::vec3 &&,int &&)"
          with
          [
              _Ty=Transform
          ]
  Model.cpp
C:\Users\Admin\Desktop\ComputerGraphics\scr\Model.cpp(63,73): warning C4267: аргумент: преобразование из "size_t" в "GLuint"; возможна потеря данных
C:\Users\Admin\Desktop\ComputerGraphics\scr\Model.cpp(65,54): warning C4267: аргумент: преобразование из "size_t" в "GLint"; возможна потеря данных
C:\Users\Admin\Desktop\ComputerGraphics\scr\Model.cpp(69,50): warning C4267: аргумент: преобразование из "size_t" в "GLsizei"; возможна потеря данных
  Scene.cpp
C:\Users\Admin\Desktop\ComputerGraphics\libs\Camera.h(18): warning C4091: static : пропускается слева от "CameraFly::Movement", когда ни одна переменная не объявлена
C:\Users\Admin\Desktop\ComputerGraphics\libs\Scene.h(150,1): warning C4267: аргумент: преобразование из "size_t" в "GLuint"; возможна потеря данных
C:\Users\Admin\Desktop\ComputerGraphics\libs\Scene.h(158,1): warning C4267: аргумент: преобразование из "size_t" в "int"; возможна потеря данных
  Texture.cpp
C:\Users\Admin\Desktop\ComputerGraphics\scr\Texture.cpp(91,76): warning C4267: аргумент: преобразование из "size_t" в "GLuint"; возможна потеря данных
C:\Users\Admin\Desktop\ComputerGraphics\scr\Texture.cpp(129,126): warning C4267: аргумент: преобразование из "size_t" в "GLenum"; возможна потеря данных
C:\Users\Admin\Desktop\ComputerGraphics\scr\Texture.cpp(163,70): warning C4267: аргумент: преобразование из "size_t" в "GLenum"; возможна потеря данных
  Window.cpp
C:\Users\Admin\Desktop\ComputerGraphics\libs\Camera.h(18): warning C4091: static : пропускается слева от "CameraFly::Movement", когда ни одна переменная не объявлена
C:\Users\Admin\Desktop\ComputerGraphics\libs\Scene.h(150,1): warning C4267: аргумент: преобразование из "size_t" в "GLuint"; возможна потеря данных
C:\Users\Admin\Desktop\ComputerGraphics\libs\Scene.h(158,1): warning C4267: аргумент: преобразование из "size_t" в "int"; возможна потеря данных
C:\Users\Admin\Desktop\ComputerGraphics\libs\Window.h(33,2): warning C4091: static : пропускается слева от "WindowContext", когда ни одна переменная не объявлена
C:\Users\Admin\Desktop\ComputerGraphics\scr\Window.cpp(59,25): warning C4244: инициализация: преобразование "double" в "GLfloat", возможна потеря данных
C:\Program Files (x86)\Microsoft Visual Studio\2019\Community\VC\Tools\MSVC\14.28.29333\include\optional(124,46): warning C4244: =: преобразование "GLdouble" в "float", возможна потеря данных
C:\Program Files (x86)\Microsoft Visual Studio\2019\Community\VC\Tools\MSVC\14.28.29333\include\optional(266): message : выполняется компиляция ссылки на экземпляр шаблон функции "void std::_Optional_construct_base<_Ty>::_Assign<GLdouble&>(_Ty2)"
          with
          [
              _Ty=GLfloat,
              _Ty2=GLdouble &
          ]
C:\Program Files (x86)\Microsoft Visual Studio\2019\Community\VC\Tools\MSVC\14.28.29333\include\optional(266): message : выполняется компиляция ссылки на экземпляр шаблон функции "void std::_Optional_construct_base<_Ty>::_Assign<GLdouble&>(_Ty2)"
          with
          [
              _Ty=GLfloat,
              _Ty2=GLdouble &
          ]
C:\Users\Admin\Desktop\ComputerGraphics\scr\Window.cpp(14): message : выполняется компиляция ссылки на экземпляр шаблон функции "std::optional<GLfloat> &std::optional<GLfloat>::operator =<GLdouble&,0>(_Ty2)"
          with
          [
              _Ty2=GLdouble &
          ]
C:\Users\Admin\Desktop\ComputerGraphics\scr\Window.cpp(14): message : выполняется компиляция ссылки на экземпляр шаблон функции "std::optional<GLfloat> &std::optional<GLfloat>::operator =<GLdouble&,0>(_Ty2)"
          with
          [
              _Ty2=GLdouble &
          ]
C:\Program Files (x86)\Microsoft Visual Studio\2019\Community\VC\Tools\MSVC\14.28.29333\include\xmemory(230,12): warning C4244: инициализация: преобразование "GLdouble" в "_Ty", возможна потеря данных
          with
          [
              _Ty=float
          ]
C:\Program Files (x86)\Microsoft Visual Studio\2019\Community\VC\Tools\MSVC\14.28.29333\include\optional(114): message : выполняется компиляция ссылки на экземпляр шаблон функции "void std::_Construct_in_place<float,GLdouble&>(_Ty &,GLdouble &) noexcept"
          with
          [
              _Ty=float
          ]
C:\Program Files (x86)\Microsoft Visual Studio\2019\Community\VC\Tools\MSVC\14.28.29333\include\optional(126): message : выполняется компиляция ссылки на экземпляр шаблон функции "_Ty &std::_Optional_construct_base<_Ty>::_Construct<GLdouble&>(GLdouble &)"
          with
          [
              _Ty=GLfloat
          ]
C:\Program Files (x86)\Microsoft Visual Studio\2019\Community\VC\Tools\MSVC\14.28.29333\include\optional(126): message : выполняется компиляция ссылки на экземпляр шаблон функции "_Ty &std::_Optional_construct_base<_Ty>::_Construct<GLdouble&>(GLdouble &)"
          with
          [
              _Ty=GLfloat
          ]
C:\Program Files (x86)\Microsoft Visual Studio\2019\Community\VC\Tools\MSVC\14.28.29333\include\optional(266): message : выполняется компиляция ссылки на экземпляр шаблон функции "void std::_Optional_construct_base<_Ty>::_Assign<GLdouble&>(_Ty2)"
          with
          [
              _Ty=GLfloat,
              _Ty2=GLdouble &
          ]
C:\Program Files (x86)\Microsoft Visual Studio\2019\Community\VC\Tools\MSVC\14.28.29333\include\optional(266): message : выполняется компиляция ссылки на экземпляр шаблон функции "void std::_Optional_construct_base<_Ty>::_Assign<GLdouble&>(_Ty2)"
          with
          [
              _Ty=GLfloat,
              _Ty2=GLdouble &
          ]
  Создание кода...
  ComputerGraphics.vcxproj -> C:\Users\Admin\Desktop\ComputerGraphics\x64\Debug\ComputerGraphics.exe
